2026-05-29T18:46:25.052-03:00  INFO 24600 --- [ubajara-api] [restartedMain] i.github.parqueubajara.api.Application   : Starting Application using Java 25.0.3 with PID 24600 (C:\temp\parque_ubajara_api\target\classes started by felip in C:\temp\parque_ubajara_api)
2026-05-29T18:46:25.054-03:00  INFO 24600 --- [ubajara-api] [restartedMain] i.github.parqueubajara.api.Application   : The following 1 profile is active: "dev"
2026-05-29T18:46:26.912-03:00  WARN 24600 --- [ubajara-api] [restartedMain] org.hibernate.orm.deprecation            : HHH90000025: PostgreSQLDialect does not need to be specified explicitly using 'hibernate.dialect' (remove the property setting and it will be selected by default)
2026-05-29T18:46:29.115-03:00  INFO 24600 --- [ubajara-api] [restartedMain] eAuthenticationProviderManagerConfigurer : Found 2 AuthenticationProvider beans, with names [customAuthenticationProvider, authenticationProvider]. Global Authentication Manager will not be configured with AuthenticationProviders. Consider publishing a single AuthenticationProvider bean, or wiring your Providers directly using the DSL.
2026-05-29T18:46:29.120-03:00  INFO 24600 --- [ubajara-api] [restartedMain] r$InitializeUserDetailsManagerConfigurer : Global AuthenticationManager configured with UserDetailsService bean with name customUserDetailsService
2026-05-29T18:46:29.311-03:00  WARN 24600 --- [ubajara-api] [restartedMain] JpaBaseConfiguration$JpaWebConfiguration : spring.jpa.open-in-view is enabled by default. Therefore, database queries may be performed during view rendering. Explicitly configure spring.jpa.open-in-view to disable this warning
2026-05-29T18:46:29.896-03:00  INFO 24600 --- [ubajara-api] [restartedMain] i.github.parqueubajara.api.Application   : Started Application in 5.209 seconds (process running for 5.745)
2026-05-29T18:52:18.968-03:00  INFO 17120 --- [ubajara-api] [restartedMain] i.github.parqueubajara.api.Application   : Starting Application using Java 25.0.3 with PID 17120 (C:\temp\parque_ubajara_api\target\classes started by felip in C:\temp\parque_ubajara_api)
2026-05-29T18:52:18.971-03:00  INFO 17120 --- [ubajara-api] [restartedMain] i.github.parqueubajara.api.Application   : The following 1 profile is active: "dev"
2026-05-29T18:52:20.879-03:00  WARN 17120 --- [ubajara-api] [restartedMain] org.hibernate.orm.deprecation            : HHH90000025: PostgreSQLDialect does not need to be specified explicitly using 'hibernate.dialect' (remove the property setting and it will be selected by default)
2026-05-29T18:52:23.110-03:00  INFO 17120 --- [ubajara-api] [restartedMain] eAuthenticationProviderManagerConfigurer : Found 2 AuthenticationProvider beans, with names [customAuthenticationProvider, authenticationProvider]. Global Authentication Manager will not be configured with AuthenticationProviders. Consider publishing a single AuthenticationProvider bean, or wiring your Providers directly using the DSL.
2026-05-29T18:52:23.115-03:00  INFO 17120 --- [ubajara-api] [restartedMain] r$InitializeUserDetailsManagerConfigurer : Global AuthenticationManager configured with UserDetailsService bean with name customUserDetailsService
2026-05-29T18:52:23.299-03:00  WARN 17120 --- [ubajara-api] [restartedMain] JpaBaseConfiguration$JpaWebConfiguration : spring.jpa.open-in-view is enabled by default. Therefore, database queries may be performed during view rendering. Explicitly configure spring.jpa.open-in-view to disable this warning
2026-05-29T18:52:23.879-03:00  INFO 17120 --- [ubajara-api] [restartedMain] i.github.parqueubajara.api.Application   : Started Application in 5.335 seconds (process running for 6.172)
2026-05-29T18:54:04.516-03:00  INFO 4756 --- [ubajara-api] [restartedMain] i.github.parqueubajara.api.Application   : Starting Application using Java 25.0.3 with PID 4756 (C:\temp\parque_ubajara_api\target\classes started by felip in C:\temp\parque_ubajara_api)
2026-05-29T18:54:04.517-03:00  INFO 4756 --- [ubajara-api] [restartedMain] i.github.parqueubajara.api.Application   : The following 1 profile is active: "dev"
2026-05-29T18:54:06.422-03:00  WARN 4756 --- [ubajara-api] [restartedMain] org.hibernate.orm.deprecation            : HHH90000025: PostgreSQLDialect does not need to be specified explicitly using 'hibernate.dialect' (remove the property setting and it will be selected by default)
2026-05-29T18:54:08.719-03:00  INFO 4756 --- [ubajara-api] [restartedMain] eAuthenticationProviderManagerConfigurer : Found 2 AuthenticationProvider beans, with names [customAuthenticationProvider, authenticationProvider]. Global Authentication Manager will not be configured with AuthenticationProviders. Consider publishing a single AuthenticationProvider bean, or wiring your Providers directly using the DSL.
2026-05-29T18:54:08.725-03:00  INFO 4756 --- [ubajara-api] [restartedMain] r$InitializeUserDetailsManagerConfigurer : Global AuthenticationManager configured with UserDetailsService bean with name customUserDetailsService
2026-05-29T18:54:08.886-03:00  WARN 4756 --- [ubajara-api] [restartedMain] JpaBaseConfiguration$JpaWebConfiguration : spring.jpa.open-in-view is enabled by default. Therefore, database queries may be performed during view rendering. Explicitly configure spring.jpa.open-in-view to disable this warning
2026-05-29T18:54:09.805-03:00  INFO 4756 --- [ubajara-api] [restartedMain] i.github.parqueubajara.api.Application   : Started Application in 5.659 seconds (process running for 6.205)
2026-05-29T18:56:08.156-03:00  INFO 4756 --- [ubajara-api] [restartedMain] i.github.parqueubajara.api.Application   : Starting Application using Java 25.0.3 with PID 4756 (C:\temp\parque_ubajara_api\target\classes started by felip in C:\temp\parque_ubajara_api)
2026-05-29T18:56:08.157-03:00  INFO 4756 --- [ubajara-api] [restartedMain] i.github.parqueubajara.api.Application   : The following 1 profile is active: "dev"
2026-05-29T18:56:08.809-03:00  WARN 4756 --- [ubajara-api] [restartedMain] org.hibernate.orm.deprecation            : HHH90000025: PostgreSQLDialect does not need to be specified explicitly using 'hibernate.dialect' (remove the property setting and it will be selected by default)
2026-05-29T18:56:09.559-03:00  WARN 4756 --- [ubajara-api] [restartedMain] ConfigServletWebServerApplicationContext : Exception encountered during context initialization - cancelling refresh attempt: org.springframework.beans.factory.UnsatisfiedDependencyException: Error creating bean with name 'authController' defined in file [C:\temp\parque_ubajara_api\target\classes\io\github\parqueubajara\api\controller\AuthController.class]: Unsatisfied dependency expressed through constructor parameter 0: Error creating bean with name 'authService' defined in file [C:\temp\parque_ubajara_api\target\classes\io\github\parqueubajara\api\service\AuthService.class]: Unsatisfied dependency expressed through constructor parameter 3: No qualifying bean of type 'org.springframework.security.authentication.AuthenticationManager' available: expected at least 1 bean which qualifies as autowire candidate. Dependency annotations: {}
2026-05-29T18:56:09.587-03:00 ERROR 4756 --- [ubajara-api] [restartedMain] o.s.b.d.LoggingFailureAnalysisReporter   : 

***************************
APPLICATION FAILED TO START
***************************

Description:

Parameter 3 of constructor in io.github.parqueubajara.api.service.AuthService required a bean of type 'org.springframework.security.authentication.AuthenticationManager' that could not be found.


Action:

Consider defining a bean of type 'org.springframework.security.authentication.AuthenticationManager' in your configuration.

2026-05-29T18:56:34.816-03:00  INFO 7100 --- [ubajara-api] [restartedMain] i.github.parqueubajara.api.Application   : Starting Application using Java 25.0.3 with PID 7100 (C:\temp\parque_ubajara_api\target\classes started by felip in C:\temp\parque_ubajara_api)
2026-05-29T18:56:34.818-03:00  INFO 7100 --- [ubajara-api] [restartedMain] i.github.parqueubajara.api.Application   : The following 1 profile is active: "dev"
2026-05-29T18:56:37.305-03:00  WARN 7100 --- [ubajara-api] [restartedMain] org.hibernate.orm.deprecation            : HHH90000025: PostgreSQLDialect does not need to be specified explicitly using 'hibernate.dialect' (remove the property setting and it will be selected by default)
2026-05-29T18:56:40.645-03:00  INFO 7100 --- [ubajara-api] [restartedMain] eAuthenticationProviderManagerConfigurer : Found 2 AuthenticationProvider beans, with names [customAuthenticationProvider, authenticationProvider]. Global Authentication Manager will not be configured with AuthenticationProviders. Consider publishing a single AuthenticationProvider bean, or wiring your Providers directly using the DSL.
2026-05-29T18:56:40.652-03:00  INFO 7100 --- [ubajara-api] [restartedMain] r$InitializeUserDetailsManagerConfigurer : Global AuthenticationManager configured with UserDetailsService bean with name customUserDetailsService
2026-05-29T18:56:40.867-03:00  WARN 7100 --- [ubajara-api] [restartedMain] JpaBaseConfiguration$JpaWebConfiguration : spring.jpa.open-in-view is enabled by default. Therefore, database queries may be performed during view rendering. Explicitly configure spring.jpa.open-in-view to disable this warning
2026-05-29T18:56:41.194-03:00  WARN 7100 --- [ubajara-api] [restartedMain] o.s.s.c.a.web.builders.WebSecurity       : You are asking Spring Security to ignore Deferred [Mvc [pattern='/actuator/**'], Ant [pattern='/actuator/**']]. This is not recommended -- please use permitAll via HttpSecurity#authorizeHttpRequests instead.
2026-05-29T18:56:41.469-03:00  INFO 7100 --- [ubajara-api] [restartedMain] i.github.parqueubajara.api.Application   : Started Application in 7.223 seconds (process running for 7.942)
2026-05-29T18:58:02.692-03:00  INFO 9848 --- [ubajara-api] [restartedMain] i.github.parqueubajara.api.Application   : Starting Application using Java 25.0.3 with PID 9848 (C:\temp\parque_ubajara_api\target\classes started by felip in C:\temp\parque_ubajara_api)
2026-05-29T18:58:02.693-03:00  INFO 9848 --- [ubajara-api] [restartedMain] i.github.parqueubajara.api.Application   : The following 1 profile is active: "dev"
2026-05-29T18:58:04.666-03:00  WARN 9848 --- [ubajara-api] [restartedMain] org.hibernate.orm.deprecation            : HHH90000025: PostgreSQLDialect does not need to be specified explicitly using 'hibernate.dialect' (remove the property setting and it will be selected by default)
2026-05-29T18:58:07.010-03:00  INFO 9848 --- [ubajara-api] [restartedMain] eAuthenticationProviderManagerConfigurer : Found 2 AuthenticationProvider beans, with names [customAuthenticationProvider, authenticationProvider]. Global Authentication Manager will not be configured with AuthenticationProviders. Consider publishing a single AuthenticationProvider bean, or wiring your Providers directly using the DSL.
2026-05-29T18:58:07.020-03:00  INFO 9848 --- [ubajara-api] [restartedMain] r$InitializeUserDetailsManagerConfigurer : Global AuthenticationManager configured with UserDetailsService bean with name customUserDetailsService
2026-05-29T18:58:07.318-03:00  WARN 9848 --- [ubajara-api] [restartedMain] JpaBaseConfiguration$JpaWebConfiguration : spring.jpa.open-in-view is enabled by default. Therefore, database queries may be performed during view rendering. Explicitly configure spring.jpa.open-in-view to disable this warning
2026-05-29T18:58:07.674-03:00  WARN 9848 --- [ubajara-api] [restartedMain] o.s.s.c.a.web.builders.WebSecurity       : You are asking Spring Security to ignore Deferred [Mvc [pattern='/actuator/**'], Ant [pattern='/actuator/**']]. This is not recommended -- please use permitAll via HttpSecurity#authorizeHttpRequests instead.
2026-05-29T18:58:08.094-03:00  INFO 9848 --- [ubajara-api] [restartedMain] i.github.parqueubajara.api.Application   : Started Application in 5.877 seconds (process running for 6.488)
2026-05-29T18:58:11.964-03:00  INFO 9848 --- [ubajara-api] [restartedMain] i.github.parqueubajara.api.Application   : Starting Application using Java 25.0.3 with PID 9848 (C:\temp\parque_ubajara_api\target\classes started by felip in C:\temp\parque_ubajara_api)
2026-05-29T18:58:11.965-03:00  INFO 9848 --- [ubajara-api] [restartedMain] i.github.parqueubajara.api.Application   : The following 1 profile is active: "dev"
2026-05-29T18:58:12.899-03:00  WARN 9848 --- [ubajara-api] [restartedMain] org.hibernate.orm.deprecation            : HHH90000025: PostgreSQLDialect does not need to be specified explicitly using 'hibernate.dialect' (remove the property setting and it will be selected by default)
2026-05-29T18:58:13.967-03:00  INFO 9848 --- [ubajara-api] [restartedMain] eAuthenticationProviderManagerConfigurer : Found 2 AuthenticationProvider beans, with names [customAuthenticationProvider, authenticationProvider]. Global Authentication Manager will not be configured with AuthenticationProviders. Consider publishing a single AuthenticationProvider bean, or wiring your Providers directly using the DSL.
2026-05-29T18:58:13.968-03:00  INFO 9848 --- [ubajara-api] [restartedMain] r$InitializeUserDetailsManagerConfigurer : Global AuthenticationManager configured with UserDetailsService bean with name customUserDetailsService
2026-05-29T18:58:14.067-03:00  WARN 9848 --- [ubajara-api] [restartedMain] JpaBaseConfiguration$JpaWebConfiguration : spring.jpa.open-in-view is enabled by default. Therefore, database queries may be performed during view rendering. Explicitly configure spring.jpa.open-in-view to disable this warning
2026-05-29T18:58:14.187-03:00  WARN 9848 --- [ubajara-api] [restartedMain] o.s.s.c.a.web.builders.WebSecurity       : You are asking Spring Security to ignore Deferred [Mvc [pattern='/actuator/**'], Ant [pattern='/actuator/**']]. This is not recommended -- please use permitAll via HttpSecurity#authorizeHttpRequests instead.
2026-05-29T18:58:14.294-03:00  INFO 9848 --- [ubajara-api] [restartedMain] i.github.parqueubajara.api.Application   : Started Application in 2.415 seconds (process running for 12.687)
2026-05-29T19:01:46.198-03:00  INFO 9848 --- [ubajara-api] [restartedMain] i.github.parqueubajara.api.Application   : Starting Application using Java 25.0.3 with PID 9848 (C:\temp\parque_ubajara_api\target\classes started by felip in C:\temp\parque_ubajara_api)
2026-05-29T19:01:46.198-03:00  INFO 9848 --- [ubajara-api] [restartedMain] i.github.parqueubajara.api.Application   : The following 1 profile is active: "dev"
2026-05-29T19:01:46.707-03:00  WARN 9848 --- [ubajara-api] [restartedMain] org.hibernate.orm.deprecation            : HHH90000025: PostgreSQLDialect does not need to be specified explicitly using 'hibernate.dialect' (remove the property setting and it will be selected by default)
2026-05-29T19:01:47.560-03:00  INFO 9848 --- [ubajara-api] [restartedMain] eAuthenticationProviderManagerConfigurer : Found 2 AuthenticationProvider beans, with names [customAuthenticationProvider, authenticationProvider]. Global Authentication Manager will not be configured with AuthenticationProviders. Consider publishing a single AuthenticationProvider bean, or wiring your Providers directly using the DSL.
2026-05-29T19:01:47.561-03:00  INFO 9848 --- [ubajara-api] [restartedMain] r$InitializeUserDetailsManagerConfigurer : Global AuthenticationManager configured with UserDetailsService bean with name customUserDetailsService
2026-05-29T19:01:47.631-03:00  WARN 9848 --- [ubajara-api] [restartedMain] JpaBaseConfiguration$JpaWebConfiguration : spring.jpa.open-in-view is enabled by default. Therefore, database queries may be performed during view rendering. Explicitly configure spring.jpa.open-in-view to disable this warning
2026-05-29T19:01:47.721-03:00  WARN 9848 --- [ubajara-api] [restartedMain] o.s.s.c.a.web.builders.WebSecurity       : You are asking Spring Security to ignore Deferred [Mvc [pattern='/actuator/**'], Ant [pattern='/actuator/**']]. This is not recommended -- please use permitAll via HttpSecurity#authorizeHttpRequests instead.
2026-05-29T19:01:47.802-03:00  INFO 9848 --- [ubajara-api] [restartedMain] i.github.parqueubajara.api.Application   : Started Application in 1.653 seconds (process running for 226.196)
2026-05-29T19:01:54.479-03:00  INFO 9848 --- [ubajara-api] [restartedMain] i.github.parqueubajara.api.Application   : Starting Application using Java 25.0.3 with PID 9848 (C:\temp\parque_ubajara_api\target\classes started by felip in C:\temp\parque_ubajara_api)
2026-05-29T19:01:54.479-03:00  INFO 9848 --- [ubajara-api] [restartedMain] i.github.parqueubajara.api.Application   : The following 1 profile is active: "dev"
2026-05-29T19:01:55.065-03:00  WARN 9848 --- [ubajara-api] [restartedMain] org.hibernate.orm.deprecation            : HHH90000025: PostgreSQLDialect does not need to be specified explicitly using 'hibernate.dialect' (remove the property setting and it will be selected by default)
2026-05-29T19:01:55.929-03:00  INFO 9848 --- [ubajara-api] [restartedMain] eAuthenticationProviderManagerConfigurer : Found 2 AuthenticationProvider beans, with names [customAuthenticationProvider, authenticationProvider]. Global Authentication Manager will not be configured with AuthenticationProviders. Consider publishing a single AuthenticationProvider bean, or wiring your Providers directly using the DSL.
2026-05-29T19:01:55.929-03:00  INFO 9848 --- [ubajara-api] [restartedMain] r$InitializeUserDetailsManagerConfigurer : Global AuthenticationManager configured with UserDetailsService bean with name customUserDetailsService
2026-05-29T19:01:56.014-03:00  WARN 9848 --- [ubajara-api] [restartedMain] JpaBaseConfiguration$JpaWebConfiguration : spring.jpa.open-in-view is enabled by default. Therefore, database queries may be performed during view rendering. Explicitly configure spring.jpa.open-in-view to disable this warning
2026-05-29T19:01:56.123-03:00  WARN 9848 --- [ubajara-api] [restartedMain] o.s.s.c.a.web.builders.WebSecurity       : You are asking Spring Security to ignore Deferred [Mvc [pattern='/actuator/**'], Ant [pattern='/actuator/**']]. This is not recommended -- please use permitAll via HttpSecurity#authorizeHttpRequests instead.
2026-05-29T19:01:56.267-03:00  INFO 9848 --- [ubajara-api] [restartedMain] i.github.parqueubajara.api.Application   : Started Application in 1.817 seconds (process running for 234.661)
2026-05-29T19:02:11.057-03:00  INFO 9848 --- [ubajara-api] [restartedMain] i.github.parqueubajara.api.Application   : Starting Application using Java 25.0.3 with PID 9848 (C:\temp\parque_ubajara_api\target\classes started by felip in C:\temp\parque_ubajara_api)
2026-05-29T19:02:11.057-03:00  INFO 9848 --- [ubajara-api] [restartedMain] i.github.parqueubajara.api.Application   : The following 1 profile is active: "dev"
2026-05-29T19:02:11.406-03:00  WARN 9848 --- [ubajara-api] [restartedMain] org.hibernate.orm.deprecation            : HHH90000025: PostgreSQLDialect does not need to be specified explicitly using 'hibernate.dialect' (remove the property setting and it will be selected by default)
2026-05-29T19:02:12.067-03:00  INFO 9848 --- [ubajara-api] [restartedMain] eAuthenticationProviderManagerConfigurer : Found 2 AuthenticationProvider beans, with names [customAuthenticationProvider, authenticationProvider]. Global Authentication Manager will not be configured with AuthenticationProviders. Consider publishing a single AuthenticationProvider bean, or wiring your Providers directly using the DSL.
2026-05-29T19:02:12.068-03:00  INFO 9848 --- [ubajara-api] [restartedMain] r$InitializeUserDetailsManagerConfigurer : Global AuthenticationManager configured with UserDetailsService bean with name customUserDetailsService
2026-05-29T19:02:12.136-03:00  WARN 9848 --- [ubajara-api] [restartedMain] JpaBaseConfiguration$JpaWebConfiguration : spring.jpa.open-in-view is enabled by default. Therefore, database queries may be performed during view rendering. Explicitly configure spring.jpa.open-in-view to disable this warning
2026-05-29T19:02:12.205-03:00  WARN 9848 --- [ubajara-api] [restartedMain] o.s.s.c.a.web.builders.WebSecurity       : You are asking Spring Security to ignore Deferred [Mvc [pattern='/actuator/**'], Ant [pattern='/actuator/**']]. This is not recommended -- please use permitAll via HttpSecurity#authorizeHttpRequests instead.
2026-05-29T19:02:12.259-03:00  INFO 9848 --- [ubajara-api] [restartedMain] i.github.parqueubajara.api.Application   : Started Application in 1.22 seconds (process running for 250.652)
2026-05-29T19:02:18.028-03:00  INFO 18012 --- [ubajara-api] [restartedMain] i.github.parqueubajara.api.Application   : Starting Application using Java 25.0.3 with PID 18012 (C:\temp\parque_ubajara_api\target\classes started by felip in C:\temp\parque_ubajara_api)
2026-05-29T19:02:18.030-03:00  INFO 18012 --- [ubajara-api] [restartedMain] i.github.parqueubajara.api.Application   : The following 1 profile is active: "dev"
2026-05-29T19:02:20.428-03:00  WARN 18012 --- [ubajara-api] [restartedMain] org.hibernate.orm.deprecation            : HHH90000025: PostgreSQLDialect does not need to be specified explicitly using 'hibernate.dialect' (remove the property setting and it will be selected by default)
2026-05-29T19:02:23.506-03:00  INFO 18012 --- [ubajara-api] [restartedMain] eAuthenticationProviderManagerConfigurer : Found 2 AuthenticationProvider beans, with names [customAuthenticationProvider, authenticationProvider]. Global Authentication Manager will not be configured with AuthenticationProviders. Consider publishing a single AuthenticationProvider bean, or wiring your Providers directly using the DSL.
2026-05-29T19:02:23.516-03:00  INFO 18012 --- [ubajara-api] [restartedMain] r$InitializeUserDetailsManagerConfigurer : Global AuthenticationManager configured with UserDetailsService bean with name customUserDetailsService
